2022-12-05 10:46:18,683 [Worker-1: Loading available Gradle versions] INFO  o.e.b.c.i.u.g.PublishedGradleVersions - Gradle version information cache is up-to-date. Trying to read.
2022-12-05 12:44:37,657 [Worker-4: Loading available Gradle versions] INFO  o.e.b.c.i.u.g.PublishedGradleVersions - Gradle version information cache is up-to-date. Trying to read.
2022-12-05 14:32:44,881 [Worker-61: Creating gwt-maven-plugin] INFO  o.e.m.c.i.p.ProjectConfigurationManager - Collecting project info '/pom.xml' G:\gwtscanitworkspace\InventoryApp\pom.xml
2022-12-05 14:32:51,864 [Worker-61: Creating gwt-maven-plugin] INFO  o.e.m.c.i.l.LifecycleMappingFactory - Using org.maven.ide.eclipse.wtp.WarLifecycleMapping lifecycle mapping for MavenProject: com.scanit:InventoryApp:0.0.1-SNAPSHOT @ G:\gwtscanitworkspace\InventoryApp\pom.xml.
2022-12-05 14:33:13,372 [Worker-61: Creating gwt-maven-plugin] INFO  o.e.m.j.i.AbstractJavaProjectConfigurator - Adding source folder /InventoryApp/src/main/java
2022-12-05 14:33:13,377 [Worker-61: Creating gwt-maven-plugin] INFO  o.e.m.j.i.AbstractJavaProjectConfigurator - Adding source folder /InventoryApp/target/generated-sources/gwt
2022-12-05 14:33:13,378 [Worker-61: Creating gwt-maven-plugin] INFO  o.e.m.j.i.AbstractJavaProjectConfigurator - Adding resource folder /InventoryApp/src/main/resources
2022-12-05 14:33:13,385 [Worker-61: Creating gwt-maven-plugin] INFO  o.e.m.j.i.AbstractJavaProjectConfigurator - Adding source folder /InventoryApp/src/test/java
2022-12-05 14:33:13,385 [Worker-61: Creating gwt-maven-plugin] INFO  o.e.m.j.i.AbstractJavaProjectConfigurator - Adding resource folder /InventoryApp/src/test/resources
2022-12-05 14:33:22,546 [Worker-61: Creating gwt-maven-plugin] INFO  o.e.m.c.i.p.ProjectConfigurationManager - Imported and configured 1 project(s) in 37 sec
2022-12-05 14:33:26,202 [Worker-65: Building] INFO  o.e.m.c.i.embedder.EclipseLogger - Using 'UTF-8' encoding to copy filtered resources.
2022-12-05 14:33:26,208 [Worker-65: Building] INFO  o.e.m.c.i.embedder.EclipseLogger - Copying 2 resources
2022-12-05 14:33:26,230 [Worker-65: Building] INFO  o.e.m.c.i.embedder.EclipseLogger - Using 'UTF-8' encoding to copy filtered resources.
2022-12-05 14:33:26,231 [Worker-65: Building] INFO  o.e.m.c.i.embedder.EclipseLogger - Copying 1 resource
2022-12-05 14:33:28,634 [Worker-61: Building] INFO  o.e.m.c.i.embedder.EclipseLogger - Using 'UTF-8' encoding to copy filtered resources.
2022-12-05 14:33:28,640 [Worker-61: Building] INFO  o.e.m.c.i.embedder.EclipseLogger - Copying 2 resources
2022-12-05 14:33:28,643 [Worker-61: Building] INFO  o.e.m.c.i.embedder.EclipseLogger - Using 'UTF-8' encoding to copy filtered resources.
2022-12-05 14:33:28,644 [Worker-61: Building] INFO  o.e.m.c.i.embedder.EclipseLogger - Copying 1 resource
2022-12-05 14:44:45,439 [main] INFO  o.e.m2e.actions.ExecutePomAction - Creating new launch configuration
2022-12-05 14:46:08,848 [Worker-63: Launching InventoryApp] INFO  o.e.m.i.launch.MavenLaunchDelegate - G:\gwtscanitworkspace\InventoryApp
2022-12-05 14:46:08,849 [Worker-63: Launching InventoryApp] INFO  o.e.m.i.launch.MavenLaunchDelegate -  mvn -B -Dmaven.test.skip=true -DskipTests clean install
2022-12-05 14:47:39,288 [Worker-71: Building] INFO  o.e.m.c.i.embedder.EclipseLogger - Using 'UTF-8' encoding to copy filtered resources.
2022-12-05 14:47:39,289 [Worker-71: Building] INFO  o.e.m.c.i.embedder.EclipseLogger - Copying 2 resources
2022-12-05 14:47:39,291 [Worker-71: Building] INFO  o.e.m.c.i.embedder.EclipseLogger - Using 'UTF-8' encoding to copy filtered resources.
2022-12-05 14:47:39,292 [Worker-71: Building] INFO  o.e.m.c.i.embedder.EclipseLogger - Copying 1 resource
2022-12-05 14:47:39,322 [Worker-71: Building] INFO  o.e.m.w.i.f.ResourceFilteringBuildParticipant - Changed resources require a complete clean of filtered resources of InventoryApp
2022-12-05 14:47:39,323 [Worker-71: Building] INFO  o.e.m.w.i.f.ResourceFilteringBuildParticipant - Executing resource filtering for InventoryApp
2022-12-05 14:47:39,340 [Worker-71: Building] INFO  o.e.m.c.i.embedder.EclipseLogger - Using 'UTF-8' encoding to copy filtered resources.
2022-12-05 14:47:39,341 [Worker-71: Building] INFO  o.e.m.w.i.f.ResourceFilteringBuildParticipant - Changed resources require a complete clean of filtered resources of InventoryApp
2022-12-05 14:47:39,341 [Worker-71: Building] INFO  o.e.m.w.i.f.ResourceFilteringBuildParticipant - Executing resource filtering for InventoryApp
2022-12-05 14:47:39,346 [Worker-71: Building] INFO  o.e.m.c.i.embedder.EclipseLogger - Using 'UTF-8' encoding to copy filtered resources.
2022-12-05 14:48:47,461 [main] INFO  o.e.m2e.actions.ExecutePomAction - Creating new launch configuration
2022-12-05 14:49:59,172 [Worker-63: Launching InventoryApp (1)] INFO  o.e.m.i.launch.MavenLaunchDelegate - G:\gwtscanitworkspace\InventoryApp
2022-12-05 14:49:59,172 [Worker-63: Launching InventoryApp (1)] INFO  o.e.m.i.launch.MavenLaunchDelegate -  mvn -B gwt:run
